C:\lscc\diamond\3.12\synpbase\bin64\c_hdl.exe  -osyn  C:\Users\sbenish\repositories\70-0059\cpld\impl_mcm\synwork\impl_mcm_comp.srs  -hdllog  C:\Users\sbenish\repositories\70-0059\cpld\impl_mcm\synlog\impl_mcm_compiler.srr  -encrypt  -mp  1  -verification_mode 0  -verilog  -prodtype  synplify_pro  -dspmac -fixsmult -infer_seqShift -nram -sdff_counter -divnmod -nostructver   -I C:\Users\sbenish\repositories\70-0059\cpld  -I C:\Users\sbenish\repositories\70-0059\cpld\impl_mcm\  -I C:\lscc\diamond\3.12\synpbase\lib   -sysv  -devicelib  C:\lscc\diamond\3.12\synpbase\lib\lucent\machxo2.v  -devicelib  C:\lscc\diamond\3.12\synpbase\lib\lucent\pmi_def.v  -encrypt  -pro  -dmgen  C:\Users\sbenish\repositories\70-0059\cpld\impl_mcm\dm  -ui -fid2 -ram -sharing on -ll 2000 -autosm  -D_MULTIPLE_FILE_COMPILATION_UNIT_  -lib work -fv2001 C:\s_links\sources\mcm_top.v -lib work -fv2001 C:\s_links\sources\spi_slave_top.v -lib work -fv2001 C:\s_links\sources\wb_ctrl.v -lib work -fv2001 C:\s_links\sources\commands.v -lib work -fv2001 C:\s_links\sources\spi_ctrl.v -lib work -fv2001 C:\s_links\sources\status_led.v -lib work -fv2001 C:\s_links\sources\quad_decoder.v -lib work -fv2001 C:\s_links\sources\pwm_controller.v -lib work -fv2001 C:\s_links\sources\cs_decoder.v -lib work -fv2001 C:\s_links\sources\intrpt_ctrl.v -lib work -fv2001 C:\s_links\sources\otm_dac.v -lib work -fv2001 C:\s_links\sources\uart_controller.v -lib work -fv2001 C:\s_links\sources\rs232.v -lib work -fv2001 C:\s_links\sources\config_mcm\config.v -lib work -fv2001 C:\s_links\sources\slot_cards\servo.v -lib work -fv2001 C:\s_links\sources\slot_cards\shutter_4.v -lib work -fv2001 C:\s_links\sources\slot_cards\slider_io.v -lib work -fv2001 C:\s_links\sources\slot_cards\stepper.v -lib work -fv2001 C:\s_links\sources\slot_cards\peizo_elliptec.v -lib work -fv2001 C:\s_links\sources\config_mcm\ip\spi_slave_efb.v -lib work -fv2001 C:\s_links\sources\config_mcm\ip\pll.v -lib work -fv2001 C:\s_links\sources\slot_cards\piezo.v  -jobname  "compiler" 
relcom:..\..\..\..\..\..\..\lscc\diamond\3.12\synpbase\bin64\c_hdl.exe -osyn ..\synwork\impl_mcm_comp.srs -hdllog ..\synlog\impl_mcm_compiler.srr -encrypt -mp 1 -verification_mode 0 -verilog -prodtype synplify_pro -dspmac -fixsmult -infer_seqShift -nram -sdff_counter -divnmod -nostructver -I ..\..\..\cpld -I ..\ -I ..\..\..\..\..\..\..\lscc\diamond\3.12\synpbase\lib -sysv -devicelib ..\..\..\..\..\..\..\lscc\diamond\3.12\synpbase\lib\lucent\machxo2.v -devicelib ..\..\..\..\..\..\..\lscc\diamond\3.12\synpbase\lib\lucent\pmi_def.v -encrypt -pro -dmgen ..\dm -ui -fid2 -ram -sharing on -ll 2000 -autosm -D_MULTIPLE_FILE_COMPILATION_UNIT_ -lib work -fv2001 ..\..\..\..\..\..\..\s_links\sources\mcm_top.v -lib work -fv2001 ..\..\..\..\..\..\..\s_links\sources\spi_slave_top.v -lib work -fv2001 ..\..\..\..\..\..\..\s_links\sources\wb_ctrl.v -lib work -fv2001 ..\..\..\..\..\..\..\s_links\sources\commands.v -lib work -fv2001 ..\..\..\..\..\..\..\s_links\sources\spi_ctrl.v -lib work -fv2001 ..\..\..\..\..\..\..\s_links\sources\status_led.v -lib work -fv2001 ..\..\..\..\..\..\..\s_links\sources\quad_decoder.v -lib work -fv2001 ..\..\..\..\..\..\..\s_links\sources\pwm_controller.v -lib work -fv2001 ..\..\..\..\..\..\..\s_links\sources\cs_decoder.v -lib work -fv2001 ..\..\..\..\..\..\..\s_links\sources\intrpt_ctrl.v -lib work -fv2001 ..\..\..\..\..\..\..\s_links\sources\otm_dac.v -lib work -fv2001 ..\..\..\..\..\..\..\s_links\sources\uart_controller.v -lib work -fv2001 ..\..\..\..\..\..\..\s_links\sources\rs232.v -lib work -fv2001 ..\..\..\..\..\..\..\s_links\sources\config_mcm\config.v -lib work -fv2001 ..\..\..\..\..\..\..\s_links\sources\slot_cards\servo.v -lib work -fv2001 ..\..\..\..\..\..\..\s_links\sources\slot_cards\shutter_4.v -lib work -fv2001 ..\..\..\..\..\..\..\s_links\sources\slot_cards\slider_io.v -lib work -fv2001 ..\..\..\..\..\..\..\s_links\sources\slot_cards\stepper.v -lib work -fv2001 ..\..\..\..\..\..\..\s_links\sources\slot_cards\peizo_elliptec.v -lib work -fv2001 ..\..\..\..\..\..\..\s_links\sources\config_mcm\ip\spi_slave_efb.v -lib work -fv2001 ..\..\..\..\..\..\..\s_links\sources\config_mcm\ip\pll.v -lib work -fv2001 ..\..\..\..\..\..\..\s_links\sources\slot_cards\piezo.v -jobname "compiler"
rc:2 success:0 runtime:1
file:..\synwork\impl_mcm_comp.srs|io:o|time:0|size:-1|exec:0|csum:
file:..\synlog\impl_mcm_compiler.srr|io:o|time:1645027078|size:2396|exec:0|csum:
file:..\..\..\..\..\..\..\lscc\diamond\3.12\synpbase\lib\lucent\machxo2.v|io:i|time:1603984854|size:54295|exec:0|csum:CFBBE5B6AB5A98F0C71C4E305509B0E3
file:..\..\..\..\..\..\..\lscc\diamond\3.12\synpbase\lib\lucent\pmi_def.v|io:i|time:1603984854|size:40584|exec:0|csum:62845CEC2BB6FEBE1BA059B1E18015F4
file:.\-fv2001|io:i|time:0|size:-1|exec:0|csum:
file:..\..\..\..\..\..\..\s_links\sources\mcm_top.v|io:i|time:1643832630|size:20317|exec:0|csum:2040239853256B6CBC97B0EB5C7B12EC
file:.\-fv2001|io:i|time:0|size:-1|exec:0|csum:
file:..\..\..\..\..\..\..\s_links\sources\spi_slave_top.v|io:i|time:1643832630|size:8287|exec:0|csum:72E1E8CB046377F58F1893530E96975B
file:.\-fv2001|io:i|time:0|size:-1|exec:0|csum:
file:..\..\..\..\..\..\..\s_links\sources\wb_ctrl.v|io:i|time:1643832630|size:5606|exec:0|csum:21104CC6966BE71AE1644CED777DEDB2
file:.\-fv2001|io:i|time:0|size:-1|exec:0|csum:
file:..\..\..\..\..\..\..\s_links\sources\commands.v|io:i|time:1644945156|size:3075|exec:0|csum:1A7B09E818BAB6ED8879424F7643BD62
file:.\-fv2001|io:i|time:0|size:-1|exec:0|csum:
file:..\..\..\..\..\..\..\s_links\sources\spi_ctrl.v|io:i|time:1643832630|size:20485|exec:0|csum:C57FA3C572ECE7D09143D87F45129FE4
file:.\-fv2001|io:i|time:0|size:-1|exec:0|csum:
file:..\..\..\..\..\..\..\s_links\sources\status_led.v|io:i|time:1643832630|size:2918|exec:0|csum:B241F043AB6D9DA7021AABD148A1D57B
file:.\-fv2001|io:i|time:0|size:-1|exec:0|csum:
file:..\..\..\..\..\..\..\s_links\sources\quad_decoder.v|io:i|time:1643832630|size:5592|exec:0|csum:327F05AE3D047C6E6CD44AD241B493E4
file:.\-fv2001|io:i|time:0|size:-1|exec:0|csum:
file:..\..\..\..\..\..\..\s_links\sources\pwm_controller.v|io:i|time:1643832630|size:2031|exec:0|csum:024589642CA2E5CAAD17A36CCF32C325
file:.\-fv2001|io:i|time:0|size:-1|exec:0|csum:
file:..\..\..\..\..\..\..\s_links\sources\cs_decoder.v|io:i|time:1643832630|size:3175|exec:0|csum:AF652F5BBF02B228A8C60B1C1984603B
file:.\-fv2001|io:i|time:0|size:-1|exec:0|csum:
file:..\..\..\..\..\..\..\s_links\sources\intrpt_ctrl.v|io:i|time:1643832630|size:2511|exec:0|csum:53537FDFB0727041EF64043F1734DC68
file:.\-fv2001|io:i|time:0|size:-1|exec:0|csum:
file:..\..\..\..\..\..\..\s_links\sources\otm_dac.v|io:i|time:1643832630|size:1558|exec:0|csum:0993A1BB2E309D29F74C5C11274111C7
file:.\-fv2001|io:i|time:0|size:-1|exec:0|csum:
file:..\..\..\..\..\..\..\s_links\sources\uart_controller.v|io:i|time:1643832630|size:1559|exec:0|csum:D853402250ACDF435861B7F2766D492F
file:.\-fv2001|io:i|time:0|size:-1|exec:0|csum:
file:..\..\..\..\..\..\..\s_links\sources\rs232.v|io:i|time:1643832630|size:1443|exec:0|csum:E4B16F0E412AA978DE238512FDC0BB25
file:.\-fv2001|io:i|time:0|size:-1|exec:0|csum:
file:..\..\..\..\..\..\..\s_links\sources\config_mcm\config.v|io:i|time:1643832630|size:510|exec:0|csum:2737F270729EBB4907C11ED0A263633F
file:.\-fv2001|io:i|time:0|size:-1|exec:0|csum:
file:..\..\..\..\..\..\..\s_links\sources\slot_cards\servo.v|io:i|time:1643832630|size:2822|exec:0|csum:B7BED7C6EF8105780F5D86CD780D11E3
file:.\-fv2001|io:i|time:0|size:-1|exec:0|csum:
file:..\..\..\..\..\..\..\s_links\sources\slot_cards\shutter_4.v|io:i|time:1643832630|size:5930|exec:0|csum:711D2E62AD90DB323F1EE4FF34CCAF67
file:.\-fv2001|io:i|time:0|size:-1|exec:0|csum:
file:..\..\..\..\..\..\..\s_links\sources\slot_cards\slider_io.v|io:i|time:1643832630|size:4854|exec:0|csum:79B48C20B12527DA3BE157D46D9258B4
file:.\-fv2001|io:i|time:0|size:-1|exec:0|csum:
file:..\..\..\..\..\..\..\s_links\sources\slot_cards\stepper.v|io:i|time:1643832630|size:7132|exec:0|csum:B8019C62BD0A9AC00495141C20672E2E
file:.\-fv2001|io:i|time:0|size:-1|exec:0|csum:
file:..\..\..\..\..\..\..\s_links\sources\slot_cards\peizo_elliptec.v|io:i|time:1643832630|size:1209|exec:0|csum:38B50CB5E0C27DA6A24BE074D1144817
file:.\-fv2001|io:i|time:0|size:-1|exec:0|csum:
file:..\..\..\..\..\..\..\s_links\sources\config_mcm\ip\spi_slave_efb.v|io:i|time:1643832630|size:6353|exec:0|csum:114AC2CE48F07AA863CCF939F1129360
file:.\-fv2001|io:i|time:0|size:-1|exec:0|csum:
file:..\..\..\..\..\..\..\s_links\sources\config_mcm\ip\pll.v|io:i|time:1643832630|size:5204|exec:0|csum:589FC7D0D14C5763800A376D95154D5A
file:.\-fv2001|io:i|time:0|size:-1|exec:0|csum:
file:..\..\..\..\..\..\..\s_links\sources\slot_cards\piezo.v|io:i|time:1643832630|size:2138|exec:0|csum:41106EDA02383C4C8137418323CC25B3
file:..\..\..\..\..\..\..\lscc\diamond\3.12\synpbase\bin64\c_hdl.exe|io:i|time:1603984722|size:5736448|exec:1|csum:F3379711CDC83CA310869A1D9BD9BABE
